Arguments: 
  C:\Program Files\nodejs\node.exe C:\Program Files (x86)\Yarn\bin\yarn.js add nademailer

PATH: 
  C:\Program Files (x86)\Common Files\Oracle\Java\javapath;C:\WINDOWS\system32;C:\WINDOWS;C:\WINDOWS\System32\Wbem;C:\WINDOWS\System32\WindowsPowerShell\v1.0\;C:\Program Files (x86)\IVI Foundation\VISA\WinNT\Bin;C:\WINDOWS\System32\OpenSSH\;C:\ProgramData\chocolatey\bin;C:\xampp\php;C:\ProgramData\ComposerSetup\bin;C:\Program Files\Java\jdk-11.0.2\bin\server;C:\Program Files\Apache\maven\bin;C:\FOSSEE\KiCad\bin;C:\FOSSEE\eSim\nghdl\src;C:\FOSSEE\mingw64\bin;C:\FOSSEE\mingw64\msys\bin;C:\FOSSEE\mingw64\GHDL\bin;C:\FOSSEE\ngspice-nghdl\bin;C:\Program Files\nodejs\;C:\Program Files (x86)\Yarn\bin\;C:\Program Files\Docker\Docker\resources\bin;C:\ProgramData\DockerDesktop\version-bin;C:\Program Files\Git\cmd;C:\Users\lucas\AppData\Local\Programs\Microsoft VS Code\bin;C:\Users\lucas\AppData\Local\Microsoft\WindowsApps;C:\Users\lucas\AppData\Roaming\Composer\vendor\bin;C:\intelFPGA\20.1\modelsim_ase\win32aloem;C:\intelFPGA_lite\20.1\modelsim_ase\win32aloem;C:\Users\lucas\AppData\Roaming\npm;C:\Users\lucas\AppData\Local\Yarn\bin

Yarn version: 
  1.22.5

Node version: 
  14.17.3

Platform: 
  win32 x64

Trace: 
  Error: https://registry.yarnpkg.com/nademailer: Not found
      at Request.params.callback [as _callback] (C:\Program Files (x86)\Yarn\lib\cli.js:66097:18)
      at Request.self.callback (C:\Program Files (x86)\Yarn\lib\cli.js:140749:22)
      at Request.emit (events.js:375:28)
      at Request.<anonymous> (C:\Program Files (x86)\Yarn\lib\cli.js:141721:10)
      at Request.emit (events.js:375:28)
      at IncomingMessage.<anonymous> (C:\Program Files (x86)\Yarn\lib\cli.js:141643:12)
      at Object.onceWrapper (events.js:481:28)
      at IncomingMessage.emit (events.js:387:35)
      at endReadableNT (internal/streams/readable.js:1317:12)
      at processTicksAndRejections (internal/process/task_queues.js:82:21)

npm manifest: 
  {
    "name": "nodepadroes",
    "version": "1.0.0",
    "main": "index.js",
    "license": "MIT",
    "scripts": {
      "dev": "ts-node-dev -r tsconfig-paths/register --inspect --transpile-only --ignore-watch node_modules --respawn src/shared/infra/http/server.ts",
      "typeorm": "ts-node-dev -r tsconfig-paths/register ./node_modules/typeorm/cli.js",
      "test": "jest"
    },
    "dependencies": {
  
      "bcryptjs": "^2.4.3",   
      "csv": "^5.5.0",
      "cors": "^2.8.5",
      "date-fns": "^2.14.0",
      "express": "^4.17.1",
      "express-async-errors": "^3.1.1",
      "handlebars": "^4.7.7",
      "jsonwebtoken": "^8.5.1",
      "multer": "^1.4.3",
      "parse": "^3.3.0",
      "pg": "^8.7.1",
      "reflect-metadata": "^0.1.13",
      "ts-node-dev": "^1.1.8",
      "tsc": "^2.0.3",
      "tsyringe": "^4.3.0",
      "typeorm": "^0.2.37",
      "uuid": "^8.3.2"
    },
    "devDependencies": {
  
      "@types/bcryptjs": "^2.4.2",
      "@types/cors": "^2.8.6",
      "@types/express": "^4.17.13",
      "@types/multer": "^1.4.7",
      "@types/node": "^16.7.2",
      "@types/jest": "^26.0.10",
      "@types/jsonwebtoken": "^8.5.0",
      "@types/swagger-ui-express": "^4.1.3",
      "@types/uuid": "^8.3.1",
      "@typescript-eslint/eslint-plugin": "^4.29.2",
      "@typescript-eslint/parser": "^4.29.2",
      "eslint": "^7.32.0", 
      "eslint-config-airbnb-base": "^14.2.1",
      "eslint-plugin-import": "2.22.1",
      "eslint-config-prettier": "^8.3.0",
      "eslint-import-resolver-typescript": "^2.4.0",
      "eslint-plugin-prettier": "^3.4.0",
      "jest": "^26.4.2",
      "prettier": "^2.3.2",
      "ts-jest": "^26.3.0",
      "tsconfig-paths": "^3.9.0",
      "typescript": "^4.3.5",
      "swagger-ui-express": "^4.1.6"
  
    }
  }

yarn manifest: 
  No manifest

Lockfile: 
  No lockfile
